<?xml version="1.0" encoding="UTF-8"?>
<testng-results skipped="0" failed="0" total="1" passed="1">
  <reporter-output>
  </reporter-output>
  <suite name="Surefire suite" duration-ms="26" started-at="2019-11-19T10:29:10Z" finished-at="2019-11-19T10:29:10Z">
    <groups>
    </groups>
    <test name="Surefire test" duration-ms="26" started-at="2019-11-19T10:29:10Z" finished-at="2019-11-19T10:29:10Z">
      <class name="com.vogella.maven1.Add.AddMethodTest">
        <test-method status="PASS" signature="TestCase1()[pri:0, instance:com.vogella.maven1.Add.AddMethodTest@7a5d012c]" name="TestCase1" duration-ms="12" started-at="2019-11-19T15:59:10Z" finished-at="2019-11-19T15:59:10Z">
          <reporter-output>
          </reporter-output>
        </test-method> <!-- TestCase1 -->
      </class> <!-- com.vogella.maven1.Add.AddMethodTest -->
    </test> <!-- Surefire test -->
  </suite> <!-- Surefire suite -->
</testng-results>
