<?xml version="1.0" encoding="UTF-8"?>
<!-- Generated by org.testng.reporters.JUnitXMLReporter -->
<testsuite hostname="DEV008" ignored="0" name="Test" tests="2" failures="0" timestamp="2019-10-23T14:54:49 IST" time="0.172" errors="0">
  <testcase name="@BeforeTest openMyBlog" time="0.102" classname="qaclickacademy.SeleniumTest">
    <failure type="java.lang.NoClassDefFoundError" message="okhttp3/ConnectionPool">
      <![CDATA[java.lang.NoClassDefFoundError: okhttp3/ConnectionPool
at org.openqa.selenium.remote.internal.OkHttpClient$Factory.<init>(OkHttpClient.java:122)
at org.openqa.selenium.remote.internal.OkHttpClient$Factory.<init>(OkHttpClient.java:127)
at org.openqa.selenium.remote.http.HttpClient$Factory.createDefault(HttpClient.java:72)
at org.openqa.selenium.remote.HttpCommandExecutor.<clinit>(HttpCommandExecutor.java:49)
at org.openqa.selenium.chrome.ChromeDriver.<init>(ChromeDriver.java:181)
at org.openqa.selenium.chrome.ChromeDriver.<init>(ChromeDriver.java:168)
at org.openqa.selenium.chrome.ChromeDriver.<init>(ChromeDriver.java:157)
at qaclickacademy.SeleniumTest.openMyBlog(SeleniumTest.java:52)
Caused by: java.lang.ClassNotFoundException: okhttp3.ConnectionPool
at java.net.URLClassLoader.findClass(URLClassLoader.java:382)
at java.lang.ClassLoader.loadClass(ClassLoader.java:424)
at sun.misc.Launcher$AppClassLoader.loadClass(Launcher.java:349)
at java.lang.ClassLoader.loadClass(ClassLoader.java:357)
... 32 more
... Removed 24 stack frames]]>
    </failure>
  </testcase> <!-- @BeforeTest openMyBlog -->
  <testcase name="@AfterTest QuitBrowser" time="-1.57182268927E9" classname="qaclickacademy.SeleniumTest">
    <skipped/>
  </testcase> <!-- @AfterTest QuitBrowser -->
  <testcase name="deleteTwitter" time="0.0" classname="qaclickacademy.RESTAPITest">
    <skipped/>
  </testcase> <!-- deleteTwitter -->
  <testcase name="postJira" time="0.0" classname="qaclickacademy.RESTAPITest">
    <skipped/>
  </testcase> <!-- postJira -->
</testsuite> <!-- Test -->
